<?xml version="1.0" encoding="UTF-8"?>
<!-- Generated by org.testng.reporters.JUnitXMLReporter -->
<testsuite hostname="DESKTOP-E8IRNVR" ignored="0" name="BankingApp Test1" tests="2" failures="0" timestamp="2022-05-07T17:53:16 CEST" time="15.925" errors="0">
  <testcase name="loginTest" time="0.757" classname="com.inetbanking.testCases.TC_LoginTest_001"/>
  <testcase name="TC_AddCustomerTest_003" time="7.75" classname="com.inetbanking.testCases.TC_AddCustomerTest_003"/>
</testsuite> <!-- BankingApp Test1 -->
