<?xml version="1.0" encoding="UTF-8"?>
<testng-results skipped="0" failed="0" ignored="0" total="2" passed="2">
  <reporter-output>
  </reporter-output>
  <suite name="InetBankingV1" duration-ms="15925" started-at="2022-05-07T17:53:00 CEST" finished-at="2022-05-07T17:53:16 CEST">
    <groups>
    </groups>
    <test name="BankingApp Test1" duration-ms="15925" started-at="2022-05-07T17:53:00 CEST" finished-at="2022-05-07T17:53:16 CEST">
      <class name="com.inetbanking.testCases.TC_LoginTest_001">
        <test-method status="PASS" signature="setup(java.lang.String)[pri:0, instance:com.inetbanking.testCases.TC_LoginTest_001@7494e528]" name="setup" is-config="true" duration-ms="3808" started-at="2022-05-07T17:53:00 CEST" finished-at="2022-05-07T17:53:04 CEST">
          <params>
            <param index="0">
              <value>
                <![CDATA[chrome]]>
              </value>
            </param>
          </params>
          <reporter-output>
          </reporter-output>
        </test-method> <!-- setup -->
        <test-method status="PASS" signature="loginTest()[pri:0, instance:com.inetbanking.testCases.TC_LoginTest_001@7494e528]" name="loginTest" duration-ms="757" started-at="2022-05-07T17:53:04 CEST" finished-at="2022-05-07T17:53:04 CEST">
          <reporter-output>
          </reporter-output>
        </test-method> <!-- loginTest -->
        <test-method status="PASS" signature="tearDown()[pri:0, instance:com.inetbanking.testCases.TC_LoginTest_001@7494e528]" name="tearDown" is-config="true" duration-ms="560" started-at="2022-05-07T17:53:04 CEST" finished-at="2022-05-07T17:53:05 CEST">
          <reporter-output>
          </reporter-output>
        </test-method> <!-- tearDown -->
      </class> <!-- com.inetbanking.testCases.TC_LoginTest_001 -->
      <class name="com.inetbanking.testCases.TC_AddCustomerTest_003">
        <test-method status="PASS" signature="setup(java.lang.String)[pri:0, instance:com.inetbanking.testCases.TC_AddCustomerTest_003@67205a84]" name="setup" is-config="true" duration-ms="2365" started-at="2022-05-07T17:53:05 CEST" finished-at="2022-05-07T17:53:07 CEST">
          <params>
            <param index="0">
              <value>
                <![CDATA[chrome]]>
              </value>
            </param>
          </params>
          <reporter-output>
          </reporter-output>
        </test-method> <!-- setup -->
        <test-method status="PASS" signature="TC_AddCustomerTest_003()[pri:0, instance:com.inetbanking.testCases.TC_AddCustomerTest_003@67205a84]" name="TC_AddCustomerTest_003" duration-ms="7750" started-at="2022-05-07T17:53:07 CEST" finished-at="2022-05-07T17:53:15 CEST">
          <reporter-output>
          </reporter-output>
        </test-method> <!-- TC_AddCustomerTest_003 -->
        <test-method status="PASS" signature="tearDown()[pri:0, instance:com.inetbanking.testCases.TC_AddCustomerTest_003@67205a84]" name="tearDown" is-config="true" duration-ms="568" started-at="2022-05-07T17:53:15 CEST" finished-at="2022-05-07T17:53:16 CEST">
          <reporter-output>
          </reporter-output>
        </test-method> <!-- tearDown -->
      </class> <!-- com.inetbanking.testCases.TC_AddCustomerTest_003 -->
    </test> <!-- BankingApp Test1 -->
  </suite> <!-- InetBankingV1 -->
</testng-results>
